<?xml version="1.0" encoding="UTF-8" ?>
<testsuite tests="11" failures="1" name="com.epam.pizza.domain.TotalCostOrderCalculatorTest" time="0.014" errors="0" skipped="0">
  <properties>
[...]
</properties>
  <testcase classname="com.epam.pizza.domain.TotalCostOrderCalculatorTest" name="testCalculateTotalOrderPriceOrderedForNullPizzaInMap" time="0.002"/>
  <testcase classname="com.epam.pizza.domain.TotalCostOrderCalculatorTest" name="testCalculateTotalOrderPriceExceedLowerAmountLimitThrowException" time="0"/>
  <testcase classname="com.epam.pizza.domain.TotalCostOrderCalculatorTest" name="testCalculateTotalOrderPriceOrderedWithingDiscountAmountAmountWithTwoTopPricePizzas" time="0"/>
  <testcase classname="com.epam.pizza.domain.TotalCostOrderCalculatorTest" name="testCalculateTotalOrderPriceOrderedForNullMap" time="0.001"/>
  <testcase classname="com.epam.pizza.domain.TotalCostOrderCalculatorTest" name="testCalculateTotalOrderPriceOrderedForNegativePizzaEntryAmount" time="0"/>
  <testcase classname="com.epam.pizza.domain.TotalCostOrderCalculatorTest" name="testCalculateTotalOrderPriceOrderedForNegativePizzaEntryPrice" time="0.001"/>
  <testcase classname="com.epam.pizza.domain.TotalCostOrderCalculatorTest" name="testCalculateTotalOrderPriceOrderedWithPreDiscountAmount" time="0.001"/>
  <testcase classname="com.epam.pizza.domain.TotalCostOrderCalculatorTest" name="testCalculateTotalOrderPriceOrderedWithLowerDiscountAmountLimit" time="0.001"/>
  <testcase classname="com.epam.pizza.domain.TotalCostOrderCalculatorTest" name="testCalculateTotalOrderPriceOrderedWithOnePizza" time="0.001"/>
  <testcase classname="com.epam.pizza.domain.TotalCostOrderCalculatorTest" name="testCalculateTotalOrderPriceExceedUpperAmountLimitThrowException" time="0.007">
    <failure message="Expected exception: java.lang.IllegalArgumentException" type="java.lang.AssertionError">java.lang.AssertionError: Expected exception: java.lang.IllegalArgumentException
	at org.junit.internal.runners.statements.ExpectException.evaluate(ExpectException.java:32)
	at org.junit.runners.ParentRunner.runLeaf(ParentRunner.java:325)
	at org.junit.runners.BlockJUnit4ClassRunner.runChild(BlockJUnit4ClassRunner.java:78)
	at org.junit.runners.BlockJUnit4ClassRunner.runChild(BlockJUnit4ClassRunner.java:57)
	at org.junit.runners.ParentRunner$3.run(ParentRunner.java:290)
	at org.junit.runners.ParentRunner$1.schedule(ParentRunner.java:71)
	at org.junit.runners.ParentRunner.runChildren(ParentRunner.java:288)
	at org.junit.runners.ParentRunner.access$000(ParentRunner.java:58)
	at org.junit.runners.ParentRunner$2.evaluate(ParentRunner.java:268)
	at org.junit.runners.ParentRunner.run(ParentRunner.java:363)
	at org.apache.maven.surefire.junit4.JUnit4Provider.execute(JUnit4Provider.java:252)
	at org.apache.maven.surefire.junit4.JUnit4Provider.executeTestSet(JUnit4Provider.java:141)
	at org.apache.maven.surefire.junit4.JUnit4Provider.invoke(JUnit4Provider.java:112)
	at sun.reflect.NativeMethodAccessorImpl.invoke0(Native Method)
	at sun.reflect.NativeMethodAccessorImpl.invoke(NativeMethodAccessorImpl.java:62)
	at sun.reflect.DelegatingMethodAccessorImpl.invoke(DelegatingMethodAccessorImpl.java:43)
	at java.lang.reflect.Method.invoke(Method.java:497)
	at org.apache.maven.surefire.util.ReflectionUtils.invokeMethodWithArray(ReflectionUtils.java:189)
	at org.apache.maven.surefire.booter.ProviderFactory$ProviderProxy.invoke(ProviderFactory.java:165)
	at org.apache.maven.surefire.booter.ProviderFactory.invokeProvider(ProviderFactory.java:85)
	at org.apache.maven.surefire.booter.ForkedBooter.runSuitesInProcess(ForkedBooter.java:115)
	at org.apache.maven.surefire.booter.ForkedBooter.main(ForkedBooter.java:75)
</failure>
  </testcase>
  <testcase classname="com.epam.pizza.domain.TotalCostOrderCalculatorTest" name="testCalculateTotalOrderPriceOrderedWithTenPizza" time="0"/>
</testsuite>